07/27/2016 11:40:00 PM [INFO] Starting new HTTP connection (1): myth31.stanford.edu
07/27/2016 11:40:05 PM [INFO] Starting new HTTP connection (1): myth31.stanford.edu
07/27/2016 11:41:34 PM [INFO] Starting new HTTP connection (1): myth31.stanford.edu
07/27/2016 11:41:38 PM [INFO] Starting new HTTP connection (1): myth31.stanford.edu
07/27/2016 11:41:39 PM [INFO] PARSING.... References
07/27/2016 11:46:51 PM [INFO] Starting new HTTP connection (1): myth31.stanford.edu
07/27/2016 11:46:55 PM [INFO] PARSING.... Key words
07/27/2016 11:46:55 PM [INFO] PARSING.... Abstract
07/27/2016 11:46:55 PM [INFO] Parsed section: abstract
07/27/2016 11:46:55 PM [INFO] PARSING.... Introduction
07/27/2016 11:46:55 PM [INFO] Parsed section: intro
07/27/2016 11:46:55 PM [INFO] PARSING.... Methods
07/27/2016 11:46:55 PM [INFO] Parsed section: materials
07/27/2016 11:46:55 PM [INFO] PARSING.... Results
07/27/2016 11:46:55 PM [INFO] Parsed section: results
07/27/2016 11:46:55 PM [INFO] PARSING.... Discussion
07/27/2016 11:46:55 PM [INFO] Parsed section: discussion
07/27/2016 11:46:55 PM [INFO] PARSING.... Acknowledgments
07/27/2016 11:46:55 PM [INFO] Parsed section: acknowledgments
07/27/2016 11:46:55 PM [INFO] PARSING.... Sources of Funding
07/27/2016 11:46:55 PM [INFO] Parsed section: sources_of_funding
07/27/2016 11:46:55 PM [INFO] PARSING.... Disclosures
07/27/2016 11:46:55 PM [INFO] Parsed section: disclosures
07/27/2016 11:46:55 PM [INFO] PARSING.... Footnotes
07/27/2016 11:46:55 PM [INFO] Parsed section: fn-group
07/27/2016 11:46:55 PM [INFO] PARSING.... References
07/27/2016 11:46:55 PM [INFO] Parsed section: ref-list
